Сборка начата 19.03.2021 0:36:24.
     1>Проект "C:\Users\ЖЕНЯ\Desktop\яп\4 лаба\LP_Lab04\LP_Lab04\LP_Lab04.vcxproj" в узле 2 (целевые объекты Build).
     1>InitializeBuildStatus:
         Создание "Debug\LP_Lab04.tlog\unsuccessfulbuild", так как было задано "AlwaysCreate".
       ClCompile:
         D:\visual\VC\Tools\MSVC\14.20.27508\bin\HostX86\x86\CL.exe /c /ZI /JMC /nologo /W3 /WX- /diagnostics:classic /sdl /Od /Oy- /D WIN32 /D _DEBUG /D _CONSOLE /D _UNICODE /D UNICODE /Gm- /EHsc /RTC1 /MDd /GS /fp:precise /fp:except /permissive- /Zc:wchar_t /Zc:forScope /Zc:inline /Fo"Debug\\" /Fd"Debug\vc142.pdb" /Gd /TP /analyze- /FC /errorReport:prompt LP_Lab04.cpp
         LP_Lab04.cpp
     1>C:\Users\ЖЕНЯ\Desktop\яп\4 лаба\LP_Lab04\LP_Lab04\LP_Lab04.cpp(22): warning C4305: инициализация: усечение из "unsigned int" в "unsigned short"
     1>C:\Users\ЖЕНЯ\Desktop\яп\4 лаба\LP_Lab04\LP_Lab04\LP_Lab04.cpp(22): warning C4309: инициализация: усечение константного значения
       Link:
         D:\visual\VC\Tools\MSVC\14.20.27508\bin\HostX86\x86\link.exe /ERRORREPORT:PROMPT /OUT:"C:\Users\ЖЕНЯ\Desktop\яп\4 лаба\LP_Lab04\Debug\LP_Lab04.exe" /INCREMENTAL /NOLOGO kernel32.lib user32.lib gdi32.lib winspool.lib comdlg32.lib advapi32.lib shell32.lib ole32.lib oleaut32.lib uuid.lib odbc32.lib odbccp32.lib /MANIFEST /MANIFESTUAC:"level='asInvoker' uiAccess='false'" /manifest:embed /DEBUG:FASTLINK /PDB:"C:\Users\ЖЕНЯ\Desktop\яп\4 лаба\LP_Lab04\Debug\LP_Lab04.pdb" /SUBSYSTEM:CONSOLE /TLBID:1 /DYNAMICBASE /NXCOMPAT /IMPLIB:"C:\Users\ЖЕНЯ\Desktop\яп\4 лаба\LP_Lab04\Debug\LP_Lab04.lib" /MACHINE:X86 Debug\LP_Lab04.obj
         LP_Lab04.vcxproj -> C:\Users\ЖЕНЯ\Desktop\яп\4 лаба\LP_Lab04\Debug\LP_Lab04.exe
       FinalizeBuildStatus:
         Файл "Debug\LP_Lab04.tlog\unsuccessfulbuild" удаляется.
         Обращение к "Debug\LP_Lab04.tlog\LP_Lab04.lastbuildstate".
     1>Сборка проекта "C:\Users\ЖЕНЯ\Desktop\яп\4 лаба\LP_Lab04\LP_Lab04\LP_Lab04.vcxproj" завершена (целевые объекты Build).

Сборка успешно завершена.

       "C:\Users\ЖЕНЯ\Desktop\яп\4 лаба\LP_Lab04\LP_Lab04\LP_Lab04.vcxproj" (целевой объект Build ) (1) ->
       (ClCompile конечный объект) -> 
         C:\Users\ЖЕНЯ\Desktop\яп\4 лаба\LP_Lab04\LP_Lab04\LP_Lab04.cpp(22): warning C4305: инициализация: усечение из "unsigned int" в "unsigned short"
         C:\Users\ЖЕНЯ\Desktop\яп\4 лаба\LP_Lab04\LP_Lab04\LP_Lab04.cpp(22): warning C4309: инициализация: усечение константного значения

    Предупреждений: 2
    Ошибок: 0

Прошло времени 00:00:05.15
