01 tfi<1>(ti<2>,ti<3>)
02 {
03 i<4>ti<5>;
04 i<6>=i<7>v<8>(i<9>v<10>i<11>);
05 ri<12>;
06 };
07 tfi<13>(ti<14>,ti<15>)
08 {
09 i<16>ti<17>;
10 i<18>tfi<19>(ti<20>,ti<21>,ti<22>);
11 i<23>=i<24>(i<25>,l<26>,l<27>)v<28>i<29>;
12 ri<30>;
13 };
14 m
15 {
16 i<31>ti<32>;
17 i<33>ti<34>;
18 i<35>ti<36>;
19 i<37>ti<38>;
20 i<39>ti<40>;
21 i<41>ti<42>;
22 i<43>ti<44>(ti<45>);
23 i<46>=l<25>;
24 i<47>=l<48>;
25 i<49>=l<50>;
26 i<51>=l<49>;
27 i<52>=i<53>(i<54>,i<55>);
28 i<56>=i<57>(i<58>,i<59>);
29 pi<60>;
30 pi<61>;
31 pi<62>(i<63>);
32 rl<64>;
33 }