Сборка начата 17.05.2021 13:01:21.
     1>Проект "D:\1 курс 2 сем\2 сем\яп\12 лаба\LPLab12\LPLab12\LPLab12.vcxproj" в узле 2 (целевые объекты Build).
     1>InitializeBuildStatus:
         Создание "Debug\LPLab12.tlog\unsuccessfulbuild", так как было задано "AlwaysCreate".
       ClCompile:
         D:\visual\VC\Tools\MSVC\14.20.27508\bin\HostX86\x86\CL.exe /c /ZI /JMC /nologo /W3 /WX- /diagnostics:classic /sdl /Od /Oy- /D WIN32 /D _DEBUG /D _CONSOLE /D _UNICODE /D UNICODE /Gm- /EHsc /RTC1 /MDd /GS /fp:precise /permissive- /Zc:wchar_t /Zc:forScope /Zc:inline /Fo"Debug\\" /Fd"Debug\vc142.pdb" /Gd /TP /analyze- /FC /errorReport:prompt FST.cpp LPLab12.cpp
         FST.cpp
     1>D:\1 курс 2 сем\2 сем\яп\12 лаба\LPLab12\LPLab12\FST.cpp(55): warning C4267: инициализация: преобразование из "size_t" в "short"; возможна потеря данных
         LPLab12.cpp
         Создание кода...
       Link:
         D:\visual\VC\Tools\MSVC\14.20.27508\bin\HostX86\x86\link.exe /ERRORREPORT:PROMPT /OUT:"D:\1 курс 2 сем\2 сем\яп\12 лаба\LPLab12\Debug\LPLab12.exe" /INCREMENTAL /NOLOGO kernel32.lib user32.lib gdi32.lib winspool.lib comdlg32.lib advapi32.lib shell32.lib ole32.lib oleaut32.lib uuid.lib odbc32.lib odbccp32.lib /MANIFEST /MANIFESTUAC:"level='asInvoker' uiAccess='false'" /manifest:embed /DEBUG:FASTLINK /PDB:"D:\1 курс 2 сем\2 сем\яп\12 лаба\LPLab12\Debug\LPLab12.pdb" /SUBSYSTEM:CONSOLE /TLBID:1 /DYNAMICBASE /NXCOMPAT /IMPLIB:"D:\1 курс 2 сем\2 сем\яп\12 лаба\LPLab12\Debug\LPLab12.lib" /MACHINE:X86 Debug\FST.obj
         Debug\LPLab12.obj
         LPLab12.vcxproj -> D:\1 курс 2 сем\2 сем\яп\12 лаба\LPLab12\Debug\LPLab12.exe
       FinalizeBuildStatus:
         Файл "Debug\LPLab12.tlog\unsuccessfulbuild" удаляется.
         Обращение к "Debug\LPLab12.tlog\LPLab12.lastbuildstate".
     1>Сборка проекта "D:\1 курс 2 сем\2 сем\яп\12 лаба\LPLab12\LPLab12\LPLab12.vcxproj" завершена (целевые объекты Build).

Сборка успешно завершена.

       "D:\1 курс 2 сем\2 сем\яп\12 лаба\LPLab12\LPLab12\LPLab12.vcxproj" (целевой объект Build ) (1) ->
       (ClCompile конечный объект) -> 
         D:\1 курс 2 сем\2 сем\яп\12 лаба\LPLab12\LPLab12\FST.cpp(55): warning C4267: инициализация: преобразование из "size_t" в "short"; возможна потеря данных

    Предупреждений: 1
    Ошибок: 0

Прошло времени 00:00:09.58
